0 info it worked if it ends with ok
1 verbose cli [ 'C:\\Program Files (x86)\\nodejs\\node.exe',
1 verbose cli   'C:\\Program Files (x86)\\nodejs\\node_modules\\npm\\bin\\npm-cli.js',
1 verbose cli   'publish',
1 verbose cli   '--access=public' ]
2 info using npm@3.10.10
3 info using node@v6.10.2
4 verbose publish [ '.' ]
5 silly cache add args [ '.', null ]
6 verbose cache add spec .
7 silly cache add parsed spec Result {
7 silly cache add   raw: '.',
7 silly cache add   scope: null,
7 silly cache add   escapedName: null,
7 silly cache add   name: null,
7 silly cache add   rawSpec: '.',
7 silly cache add   spec: 'E:\\Angurlar2Siigo\\CursoPlatzy\\8. Creando paquete para NPM\\platzom',
7 silly cache add   type: 'directory' }
8 verbose addLocalDirectory C:\Users\coll33772\AppData\Roaming\npm-cache\platzom\0.1.0\package.tgz not in flight; packing
9 verbose correctMkdir C:\Users\coll33772\AppData\Roaming\npm-cache correctMkdir not in flight; initializing
10 info lifecycle platzom@0.1.0~prepublish: platzom@0.1.0
11 silly lifecycle platzom@0.1.0~prepublish: no script for prepublish, continuing
12 verbose tar pack [ 'C:\\Users\\coll33772\\AppData\\Roaming\\npm-cache\\platzom\\0.1.0\\package.tgz',
12 verbose tar pack   'E:\\Angurlar2Siigo\\CursoPlatzy\\8. Creando paquete para NPM\\platzom' ]
13 verbose tarball C:\Users\coll33772\AppData\Roaming\npm-cache\platzom\0.1.0\package.tgz
14 verbose folder E:\Angurlar2Siigo\CursoPlatzy\8. Creando paquete para NPM\platzom
15 verbose addLocalTarball adding from inside cache C:\Users\coll33772\AppData\Roaming\npm-cache\platzom\0.1.0\package.tgz
16 verbose correctMkdir C:\Users\coll33772\AppData\Roaming\npm-cache correctMkdir not in flight; initializing
17 silly cache afterAdd platzom@0.1.0
18 verbose afterAdd C:\Users\coll33772\AppData\Roaming\npm-cache\platzom\0.1.0\package\package.json not in flight; writing
19 verbose correctMkdir C:\Users\coll33772\AppData\Roaming\npm-cache correctMkdir not in flight; initializing
20 verbose afterAdd C:\Users\coll33772\AppData\Roaming\npm-cache\platzom\0.1.0\package\package.json written
21 silly publish { name: 'platzom',
21 silly publish   version: '0.1.0',
21 silly publish   description: 'Traductor de idioma platzom',
21 silly publish   main: 'dist/src/platzom.js',
21 silly publish   scripts: { build: 'babel src/platzom.js -d dist', test: 'mocha' },
21 silly publish   repository:
21 silly publish    { type: 'git',
21 silly publish      url: 'git+https://github.com/ccollazoscr/platzom.git' },
21 silly publish   keywords: [ 'platzom', 'platzi', 'fundamentos', 'javascript', 'js' ],
21 silly publish   author:
21 silly publish    { name: 'Cristian Collazos',
21 silly publish      email: 'collazoscr@hotmail.com',
21 silly publish      url: 'https://twitter.com/ccollazos86' },
21 silly publish   license: 'MIT',
21 silly publish   devDependencies:
21 silly publish    { 'babel-cli': '^6.24.1',
21 silly publish      'babel-preset-env': '^1.6.0',
21 silly publish      chai: '^4.1.0',
21 silly publish      mocha: '^3.4.2' },
21 silly publish   readme: '# PLATZOM\r\n\r\nPLATZOM es un idioma inventado para el [curso de Fundamentos Javascript](https::/platzi.com/js)\r\n\r\n## Descripción del idioma\r\n\r\n- Si la palabra termina en ar se le quitan esos dos caracteres\r\n- Si la palabra inicia con Z se le adiciona pe al final\r\n- Si la palabra traducida tiene diez o más letras se debe partir a la mitad y unir con un - del medio\r\n- Si la palabra original es un palindromo ninguna regla anterior cuenta y se devuelve la misma palabra intercalando mayusculas y minusculas\r\n\r\n## Instalación\r\n\r\n```\r\nnpm intall  platzom\r\n```\r\n\r\n## Uso\r\n\r\n```\r\nimport platzom from \'platzom\'\r\n\r\n\r\nplatzom(\'programar\')//program\r\nplatzom(\'Zorro\');//Zorrope\r\nplatzom(\'Zarpar\');//Zarppe\r\n\r\nplatzom(\'estaesunapalabrota\');//estaesuna-palabrota\r\n\r\nplatzom(\'sometemos\');//SoMeTeMoS\r\n\r\n```\r\n\r\n## Créditos\r\n[Cristian Collazos]\r\n\r\n## Locencia\r\n[MIT](https://opensource.org/licenses/MIT)\r\n\r\n\r\n',
21 silly publish   readmeFilename: 'README.md',
21 silly publish   gitHead: '1b0a0bf57af3ec998d1891b02db57fbedb7edd78',
21 silly publish   bugs: { url: 'https://github.com/ccollazoscr/platzom/issues' },
21 silly publish   homepage: 'https://github.com/ccollazoscr/platzom#readme',
21 silly publish   _id: 'platzom@0.1.0',
21 silly publish   _shasum: '407c485e8a7b31e4ced8115b96af54213690cb62',
21 silly publish   _from: '.' }
22 verbose getPublishConfig undefined
23 silly mapToRegistry name platzom
24 silly mapToRegistry using default registry
25 silly mapToRegistry registry https://registry.npmjs.org/
26 silly mapToRegistry data Result {
26 silly mapToRegistry   raw: 'platzom',
26 silly mapToRegistry   scope: null,
26 silly mapToRegistry   escapedName: 'platzom',
26 silly mapToRegistry   name: 'platzom',
26 silly mapToRegistry   rawSpec: '',
26 silly mapToRegistry   spec: 'latest',
26 silly mapToRegistry   type: 'tag' }
27 silly mapToRegistry uri https://registry.npmjs.org/platzom
28 verbose publish registryBase https://registry.npmjs.org/
29 silly publish uploading C:\Users\coll33772\AppData\Roaming\npm-cache\platzom\0.1.0\package.tgz
30 verbose request uri https://registry.npmjs.org/platzom
31 verbose request sending authorization for write operation
32 info attempt registry request try #1 at 22:40:44
33 verbose request using bearer token for auth
34 verbose request id 550cacad63791ed2
35 http request PUT https://registry.npmjs.org/platzom
36 http 403 https://registry.npmjs.org/platzom
37 verbose headers { 'content-type': 'application/json',
37 verbose headers   'cache-control': 'max-age=300',
37 verbose headers   'content-length': '101',
37 verbose headers   'accept-ranges': 'bytes',
37 verbose headers   date: 'Thu, 03 Aug 2017 03:41:29 GMT',
37 verbose headers   via: '1.1 varnish',
37 verbose headers   connection: 'keep-alive',
37 verbose headers   'x-served-by': 'cache-atl6223-ATL',
37 verbose headers   'x-cache': 'MISS',
37 verbose headers   'x-cache-hits': '0',
37 verbose headers   'x-timer': 'S1501731689.060629,VS0,VE448',
37 verbose headers   vary: 'Accept-Encoding, Accept' }
38 verbose request invalidating C:\Users\coll33772\AppData\Roaming\npm-cache\registry.npmjs.org\platzom on PUT
39 error publish Failed PUT 403
40 verbose stack Error: you do not have permission to publish "platzom". Are you logged in as the correct user? : platzom
40 verbose stack     at makeError (C:\Program Files (x86)\nodejs\node_modules\npm\node_modules\npm-registry-client\lib\request.js:302:12)
40 verbose stack     at CachingRegistryClient.<anonymous> (C:\Program Files (x86)\nodejs\node_modules\npm\node_modules\npm-registry-client\lib\request.js:290:14)
40 verbose stack     at Request._callback (C:\Program Files (x86)\nodejs\node_modules\npm\node_modules\npm-registry-client\lib\request.js:210:14)
40 verbose stack     at Request.self.callback (C:\Program Files (x86)\nodejs\node_modules\npm\node_modules\request\request.js:187:22)
40 verbose stack     at emitTwo (events.js:106:13)
40 verbose stack     at Request.emit (events.js:191:7)
40 verbose stack     at Request.<anonymous> (C:\Program Files (x86)\nodejs\node_modules\npm\node_modules\request\request.js:1048:10)
40 verbose stack     at emitOne (events.js:96:13)
40 verbose stack     at Request.emit (events.js:188:7)
40 verbose stack     at IncomingMessage.<anonymous> (C:\Program Files (x86)\nodejs\node_modules\npm\node_modules\request\request.js:969:12)
41 verbose statusCode 403
42 verbose pkgid platzom
43 verbose cwd E:\Angurlar2Siigo\CursoPlatzy\8. Creando paquete para NPM\platzom
44 error Windows_NT 10.0.14393
45 error argv "C:\\Program Files (x86)\\nodejs\\node.exe" "C:\\Program Files (x86)\\nodejs\\node_modules\\npm\\bin\\npm-cli.js" "publish" "--access=public"
46 error node v6.10.2
47 error npm  v3.10.10
48 error code E403
49 error you do not have permission to publish "platzom". Are you logged in as the correct user? : platzom
50 error If you need help, you may report this error at:
50 error     <https://github.com/npm/npm/issues>
51 verbose exit [ 1, true ]
